[2025-04-07 14:36:53] INFO: Starting Flye 2.9.5-b1801
[2025-04-07 14:36:53] INFO: >>>STAGE: configure
[2025-04-07 14:36:53] INFO: Configuring run
[2025-04-07 14:40:31] INFO: Total read length: 10024814876
[2025-04-07 14:40:31] INFO: Reads N50/N90: 27021 / 7196
[2025-04-07 14:40:31] INFO: Minimum overlap set to 7000
[2025-04-07 14:40:31] INFO: >>>STAGE: assembly
[2025-04-07 14:40:31] INFO: Assembling disjointigs
[2025-04-07 14:40:31] INFO: Reading sequences
[2025-04-07 14:43:23] INFO: Counting k-mers:
0% 10% 20% 30% 40% 50% 60% 70% 80% 90% 100% 
[2025-04-07 14:51:01] INFO: Filling index table (1/2)
0% 10% 20% 30% 40% 50% 60% 70% 80% 90% 100% 
[2025-04-07 14:58:41] INFO: Filling index table (2/2)
0% 10% 20% 30% 40% 50% 60% 70% 80% 90% 100% 
[2025-04-07 15:09:09] INFO: Extending reads
[2025-04-07 15:22:18] INFO: Overlap-based coverage: 377
[2025-04-07 15:22:18] INFO: Median overlap divergence: 0.0860724
0% 10% 20% 40% 60% 80% 90% 100% 
[2025-04-07 16:31:52] INFO: Assembled 76 disjointigs
[2025-04-07 16:32:04] INFO: Generating sequence
0% 10% 20% 30% 40% 50% 60% 70% 80% 90% 100% 
[2025-04-07 16:32:19] INFO: Filtering contained disjointigs
0% 10% 20% 30% 40% 50% 60% 70% 80% 90% 100% 
[2025-04-07 16:32:23] INFO: Contained seqs: 10
[2025-04-07 16:32:28] INFO: >>>STAGE: consensus
[2025-04-07 16:32:28] INFO: Running Minimap2
[2025-04-07 16:55:17] INFO: Computing consensus
[2025-04-07 17:14:52] INFO: Alignment error rate: 0.180045
[2025-04-07 17:14:54] INFO: >>>STAGE: repeat
[2025-04-07 17:14:54] INFO: Building and resolving repeat graph
[2025-04-07 17:14:54] INFO: Parsing disjointigs
[2025-04-07 17:14:54] INFO: Building repeat graph
0% 10% 20% 30% 40% 50% 60% 70% 80% 90% 100% 
[2025-04-07 17:15:19] INFO: Median overlap divergence: 0.0648918
[2025-04-07 17:15:20] INFO: Parsing reads
[2025-04-07 17:18:12] INFO: Aligning reads to the graph
0% 10% 20% 30% 40% 50% 60% 70% 80% 90% 100% 
[2025-04-07 17:24:32] INFO: Aligned read sequence: 8432092480 / 9049125522 (0.931813)
[2025-04-07 17:24:32] INFO: Median overlap divergence: 0.0633187
[2025-04-07 17:24:32] INFO: Mean edge coverage: 508
[2025-04-07 17:24:32] INFO: Simplifying the graph
[2025-04-07 17:24:41] INFO: >>>STAGE: contigger
[2025-04-07 17:24:41] INFO: Generating contigs
[2025-04-07 17:24:41] INFO: Reading sequences
[2025-04-07 17:27:33] INFO: Generated 113 contigs
[2025-04-07 17:27:34] INFO: Added 2 scaffold connections
[2025-04-07 17:27:36] INFO: >>>STAGE: polishing
[2025-04-07 17:27:36] INFO: Polishing genome (1/1)
[2025-04-07 17:27:36] INFO: Running minimap2
[2025-04-07 17:44:05] INFO: Separating alignment into bubbles
[2025-04-07 18:13:03] INFO: Alignment error rate: 0.156732
[2025-04-07 18:13:03] INFO: Correcting bubbles
0% 10% 20% 30% 40% 50% 60% 70% 80% 90% 100% 
[2025-04-07 19:24:55] INFO: >>>STAGE: finalize
[2025-04-07 19:24:56] INFO: Assembly statistics:

	Total length:	17055406
	Fragments:	57
	Fragments N50:	1699406
	Largest frg:	3459795
	Scaffolds:	0
	Mean coverage:	576

[2025-04-07 19:24:56] INFO: Final assembly: /home/nimkup/GA_1MB462nimk/out_nano_assembly/assembly.fasta
