mkdir: cannot create directory ‘/home/nimkup/GA_1MB462nimk/codes/trim_result/trimmed_reads_quality’: File exists
Running FastQC on /home/nimkup/GA_1MB462nimk/codes/trim_result/ch3_R1.trimmed_forward_paired.fastq.gz
Started analysis of ch3_R1.trimmed_forward_paired.fastq.gz
Approx 5% complete for ch3_R1.trimmed_forward_paired.fastq.gz
Approx 10% complete for ch3_R1.trimmed_forward_paired.fastq.gz
Approx 15% complete for ch3_R1.trimmed_forward_paired.fastq.gz
Approx 20% complete for ch3_R1.trimmed_forward_paired.fastq.gz
Approx 25% complete for ch3_R1.trimmed_forward_paired.fastq.gz
Approx 30% complete for ch3_R1.trimmed_forward_paired.fastq.gz
Approx 35% complete for ch3_R1.trimmed_forward_paired.fastq.gz
Approx 40% complete for ch3_R1.trimmed_forward_paired.fastq.gz
Approx 45% complete for ch3_R1.trimmed_forward_paired.fastq.gz
Approx 50% complete for ch3_R1.trimmed_forward_paired.fastq.gz
Approx 55% complete for ch3_R1.trimmed_forward_paired.fastq.gz
Approx 60% complete for ch3_R1.trimmed_forward_paired.fastq.gz
Approx 65% complete for ch3_R1.trimmed_forward_paired.fastq.gz
Approx 70% complete for ch3_R1.trimmed_forward_paired.fastq.gz
Approx 75% complete for ch3_R1.trimmed_forward_paired.fastq.gz
Approx 80% complete for ch3_R1.trimmed_forward_paired.fastq.gz
Approx 85% complete for ch3_R1.trimmed_forward_paired.fastq.gz
Approx 90% complete for ch3_R1.trimmed_forward_paired.fastq.gz
Approx 95% complete for ch3_R1.trimmed_forward_paired.fastq.gz
Analysis complete for ch3_R1.trimmed_forward_paired.fastq.gz
Running FastQC on /home/nimkup/GA_1MB462nimk/codes/trim_result/ch3_R1.trimmed_forward_unpaired.fastq.gz
Started analysis of ch3_R1.trimmed_forward_unpaired.fastq.gz
Approx 5% complete for ch3_R1.trimmed_forward_unpaired.fastq.gz
Approx 10% complete for ch3_R1.trimmed_forward_unpaired.fastq.gz
Approx 15% complete for ch3_R1.trimmed_forward_unpaired.fastq.gz
Approx 20% complete for ch3_R1.trimmed_forward_unpaired.fastq.gz
Approx 25% complete for ch3_R1.trimmed_forward_unpaired.fastq.gz
Approx 30% complete for ch3_R1.trimmed_forward_unpaired.fastq.gz
Approx 35% complete for ch3_R1.trimmed_forward_unpaired.fastq.gz
Approx 40% complete for ch3_R1.trimmed_forward_unpaired.fastq.gz
Approx 45% complete for ch3_R1.trimmed_forward_unpaired.fastq.gz
Approx 50% complete for ch3_R1.trimmed_forward_unpaired.fastq.gz
Approx 55% complete for ch3_R1.trimmed_forward_unpaired.fastq.gz
Approx 60% complete for ch3_R1.trimmed_forward_unpaired.fastq.gz
Approx 65% complete for ch3_R1.trimmed_forward_unpaired.fastq.gz
Approx 70% complete for ch3_R1.trimmed_forward_unpaired.fastq.gz
Approx 75% complete for ch3_R1.trimmed_forward_unpaired.fastq.gz
Approx 80% complete for ch3_R1.trimmed_forward_unpaired.fastq.gz
Approx 85% complete for ch3_R1.trimmed_forward_unpaired.fastq.gz
Approx 90% complete for ch3_R1.trimmed_forward_unpaired.fastq.gz
Approx 95% complete for ch3_R1.trimmed_forward_unpaired.fastq.gz
Analysis complete for ch3_R1.trimmed_forward_unpaired.fastq.gz
Running FastQC on /home/nimkup/GA_1MB462nimk/codes/trim_result/ch3_R1.trimmed_reverse_paired.fastq.gz
Started analysis of ch3_R1.trimmed_reverse_paired.fastq.gz
Approx 5% complete for ch3_R1.trimmed_reverse_paired.fastq.gz
Approx 10% complete for ch3_R1.trimmed_reverse_paired.fastq.gz
Approx 15% complete for ch3_R1.trimmed_reverse_paired.fastq.gz
Approx 20% complete for ch3_R1.trimmed_reverse_paired.fastq.gz
Approx 25% complete for ch3_R1.trimmed_reverse_paired.fastq.gz
Approx 30% complete for ch3_R1.trimmed_reverse_paired.fastq.gz
Approx 35% complete for ch3_R1.trimmed_reverse_paired.fastq.gz
Approx 40% complete for ch3_R1.trimmed_reverse_paired.fastq.gz
Approx 45% complete for ch3_R1.trimmed_reverse_paired.fastq.gz
Approx 50% complete for ch3_R1.trimmed_reverse_paired.fastq.gz
Approx 55% complete for ch3_R1.trimmed_reverse_paired.fastq.gz
Approx 60% complete for ch3_R1.trimmed_reverse_paired.fastq.gz
Approx 65% complete for ch3_R1.trimmed_reverse_paired.fastq.gz
Approx 70% complete for ch3_R1.trimmed_reverse_paired.fastq.gz
Approx 75% complete for ch3_R1.trimmed_reverse_paired.fastq.gz
Approx 80% complete for ch3_R1.trimmed_reverse_paired.fastq.gz
Approx 85% complete for ch3_R1.trimmed_reverse_paired.fastq.gz
Approx 90% complete for ch3_R1.trimmed_reverse_paired.fastq.gz
Approx 95% complete for ch3_R1.trimmed_reverse_paired.fastq.gz
Analysis complete for ch3_R1.trimmed_reverse_paired.fastq.gz
Running FastQC on /home/nimkup/GA_1MB462nimk/codes/trim_result/ch3_R1.trimmed_reverse_unpaired.fastq.gz
Started analysis of ch3_R1.trimmed_reverse_unpaired.fastq.gz
Approx 5% complete for ch3_R1.trimmed_reverse_unpaired.fastq.gz
Approx 10% complete for ch3_R1.trimmed_reverse_unpaired.fastq.gz
Approx 15% complete for ch3_R1.trimmed_reverse_unpaired.fastq.gz
Approx 20% complete for ch3_R1.trimmed_reverse_unpaired.fastq.gz
Approx 25% complete for ch3_R1.trimmed_reverse_unpaired.fastq.gz
Approx 30% complete for ch3_R1.trimmed_reverse_unpaired.fastq.gz
Approx 35% complete for ch3_R1.trimmed_reverse_unpaired.fastq.gz
Approx 40% complete for ch3_R1.trimmed_reverse_unpaired.fastq.gz
Approx 45% complete for ch3_R1.trimmed_reverse_unpaired.fastq.gz
Approx 50% complete for ch3_R1.trimmed_reverse_unpaired.fastq.gz
Approx 55% complete for ch3_R1.trimmed_reverse_unpaired.fastq.gz
Approx 60% complete for ch3_R1.trimmed_reverse_unpaired.fastq.gz
Approx 65% complete for ch3_R1.trimmed_reverse_unpaired.fastq.gz
Approx 70% complete for ch3_R1.trimmed_reverse_unpaired.fastq.gz
Approx 75% complete for ch3_R1.trimmed_reverse_unpaired.fastq.gz
Approx 80% complete for ch3_R1.trimmed_reverse_unpaired.fastq.gz
Approx 85% complete for ch3_R1.trimmed_reverse_unpaired.fastq.gz
Approx 90% complete for ch3_R1.trimmed_reverse_unpaired.fastq.gz
Approx 95% complete for ch3_R1.trimmed_reverse_unpaired.fastq.gz
Analysis complete for ch3_R1.trimmed_reverse_unpaired.fastq.gz
FastQC analysis complete. Results saved in /home/nimkup/GA_1MB462nimk/codes/trim_result/trimmed_reads_quality.
