trimmomatic/0.39 loaded, see 'module help trimmomatic/0.39' for more information.
TrimmomaticPE: Started with arguments:
 -threads 4 /home/nimkup/GA_1MB462nimk/project_data/reads/chr3_illumina_R1.fastq.gz /home/nimkup/GA_1MB462nimk/project_data/reads/chr3_illumina_R2.fastq.gz /home/nimkup/GA_1MB462nimk/trim_result/ch3_R1.trimmed_forward_paired.fastq.gz /home/nimkup/GA_1MB462nimk/trim_result/ch3_R1.trimmed_forward_unpaired.fastq.gz /home/nimkup/GA_1MB462nimk/trim_result/ch3_R1.trimmed_reverse_paired.fastq.gz /home/nimkup/GA_1MB462nimk/trim_result/ch3_R1.trimmed_reverse_unpaired.fastq.gz ILLUMINACLIP:/TruSeq3-PE.fa:2:30:10 LEADING:3 TRAILING:3 SLIDINGWINDOW:4:20 MINLEN:36
java.io.FileNotFoundException: /TruSeq3-PE.fa (No such file or directory)
	at java.io.FileInputStream.open0(Native Method)
	at java.io.FileInputStream.open(FileInputStream.java:195)
	at java.io.FileInputStream.<init>(FileInputStream.java:138)
	at org.usadellab.trimmomatic.fasta.FastaParser.parse(FastaParser.java:54)
	at org.usadellab.trimmomatic.trim.IlluminaClippingTrimmer.loadSequences(IlluminaClippingTrimmer.java:110)
	at org.usadellab.trimmomatic.trim.IlluminaClippingTrimmer.makeIlluminaClippingTrimmer(IlluminaClippingTrimmer.java:71)
	at org.usadellab.trimmomatic.trim.TrimmerFactory.makeTrimmer(TrimmerFactory.java:32)
	at org.usadellab.trimmomatic.Trimmomatic.createTrimmers(Trimmomatic.java:59)
	at org.usadellab.trimmomatic.TrimmomaticPE.run(TrimmomaticPE.java:552)
	at org.usadellab.trimmomatic.Trimmomatic.main(Trimmomatic.java:80)
Quality encoding detected as phred33
Exception in thread "main" java.io.FileNotFoundException: /home/nimkup/GA_1MB462nimk/trim_result/ch3_R1.trimmed_forward_paired.fastq.gz (No such file or directory)
	at java.io.FileOutputStream.open0(Native Method)
	at java.io.FileOutputStream.open(FileOutputStream.java:270)
	at java.io.FileOutputStream.<init>(FileOutputStream.java:213)
	at java.io.FileOutputStream.<init>(FileOutputStream.java:162)
	at org.usadellab.trimmomatic.fastq.FastqSerializer.open(FastqSerializer.java:28)
	at org.usadellab.trimmomatic.TrimmomaticPE.process(TrimmomaticPE.java:289)
	at org.usadellab.trimmomatic.TrimmomaticPE.run(TrimmomaticPE.java:555)
	at org.usadellab.trimmomatic.Trimmomatic.main(Trimmomatic.java:80)
