trimmomatic/0.39 loaded, see 'module help trimmomatic/0.39' for more information.
/var/spool/slurmd/job9892814/slurm_script: line 18: export: `=/home/nimkup/GA_1MB462nimk/project_data/reads/chr3_illumina_R1.fastq.gz': not a valid identifier
/var/spool/slurmd/job9892814/slurm_script: line 19: export: `=/home/nimkup/GA_1MB462nimk/project_data/reads/chr3_illumina_R2.fastq.gz': not a valid identifier
/var/spool/slurmd/job9892814/slurm_script: line 20: export: `=': not a valid identifier
/var/spool/slurmd/job9892814/slurm_script: line 20: export: `/home/nimkup/GA_1MB462nimk/trim_result/ch3_R1.trimmed_forward_paired.fastq.gz': not a valid identifier
/var/spool/slurmd/job9892814/slurm_script: line 21: export: `=': not a valid identifier
/var/spool/slurmd/job9892814/slurm_script: line 21: export: `/home/nimkup/GA_1MB462nimk/trim_result/ch3_R1.trimmed_forward_unpaired.fastq.gz': not a valid identifier
/var/spool/slurmd/job9892814/slurm_script: line 22: export: `=': not a valid identifier
/var/spool/slurmd/job9892814/slurm_script: line 22: export: `/home/nimkup/GA_1MB462nimk/trim_result/ch3_R1.trimmed_reverse_paired.fastq.gz': not a valid identifier
/var/spool/slurmd/job9892814/slurm_script: line 23: export: `=': not a valid identifier
/var/spool/slurmd/job9892814/slurm_script: line 23: export: `/home/nimkup/GA_1MB462nimk/trim_result/ch3_R1.trimmed_reverse_unpaired.fastq.gz': not a valid identifier
TrimmomaticPE: Started with arguments:
 -threads 4 IN_FORWARD IN_REVERSE OUT_FORWARD_P OUT_FORWARD_UP OUT_REVERSE_P OUT_REVERSE_UP ILLUMINACLIP:/sw/bioinfo/trimmomatic/0.39/snowy/adapters/TruSeq3-PE.fa:2:30:10LEADING:3 TRAILING:3 SLIDINGWINDOW:4:20 MINLEN:36
Exception in thread "main" java.lang.NumberFormatException: For input string: "10LEADING"
	at java.lang.NumberFormatException.forInputString(NumberFormatException.java:65)
	at java.lang.Integer.parseInt(Integer.java:580)
	at java.lang.Integer.parseInt(Integer.java:615)
	at org.usadellab.trimmomatic.trim.IlluminaClippingTrimmer.makeIlluminaClippingTrimmer(IlluminaClippingTrimmer.java:56)
	at org.usadellab.trimmomatic.trim.TrimmerFactory.makeTrimmer(TrimmerFactory.java:32)
	at org.usadellab.trimmomatic.Trimmomatic.createTrimmers(Trimmomatic.java:59)
	at org.usadellab.trimmomatic.TrimmomaticPE.run(TrimmomaticPE.java:552)
	at org.usadellab.trimmomatic.Trimmomatic.main(Trimmomatic.java:80)
